Arguments: 
  C:\Program Files\nodejs\node.exe C:\Users\Nomsy\AppData\Roaming\npm\node_modules\yarn\bin\yarn.js add

PATH: 
  C:\Windows\system32;C:\Windows;C:\Windows\System32\Wbem;C:\Windows\System32\WindowsPowerShell\v1.0\;C:\Program Files (x86)\ZeroTier\One\;C:\Program Files\nodejs\;C:\Program Files (x86)\NVIDIA Corporation\PhysX\Common;C:\Program Files\dotnet\;C:\Program Files\Microsoft SQL Server\130\Tools\Binn\;C:\WINDOWS\system32;C:\WINDOWS;C:\WINDOWS\System32\Wbem;C:\WINDOWS\System32\WindowsPowerShell\v1.0\;C:\Program Files\Git\cmd;C:\Program Files (x86)\GtkSharp\2.12\bin;%USERPROFILE%\AppData\Local\Microsoft\WindowsApps;C:\Users\Nomsy\AppData\Roaming\npm;;C:\Program Files\Microsoft VS Code\bin;C:\Program Files\Docker Toolbox;C:\Users\Nomsy\AppData\Local\hyper\app-2.1.0-canary1\resources\bin

Yarn version: 
  1.5.1

Node version: 
  9.8.0

Platform: 
  win32 x64

npm manifest: 
  {
    "name": "dash",
    "version": "0.0.1",
    "description": ".",
    "main": "index.js",
    "repository": "",
    "author": "Nomsy <me@nomsy.net>",
    "license": "MIT",
    "private": true,
    "scripts": {
      "build": "gulp build",
      "start": "node ./dist/index.js",
      "test": "gulp lint"
    },
    "keywords": [
      "discord",
      "bot"
    ],
    "dependencies": {
      "@spectacles/cache": "github:spec-tacles/cache",
      "axios": "^0.18.0",
      "canvas": "^1.6.10",
      "canvas-constructor": "^1.0.1",
      "dotenv": "^5.0.1",
      "moment": "^2.22.1",
      "pg": "^7.4.3",
      "redis": "^2.8.0",
      "sequelize": "^4.37.7",
      "yamdbf": "github:zajrik/yamdbf#indev"
    },
    "devDependencies": {
      "@types/axios": "^0.14.0",
      "@types/moment": "^2.13.0",
      "@types/node": "^10.0.8",
      "@types/redis": "^2.8.6",
      "@types/sequelize": "^4.27.17",
      "del": "^3.0.0",
      "gulp": "^3.9.1",
      "gulp-tslint": "^8.1.3",
      "gulp-typescript": "^4.0.2",
      "tslint": "^5.10.0",
      "typescript": "^2.8.3"
    }
  }

yarn manifest: 
  No manifest

Lockfile: 
  No lockfile

Trace: 
  Error: Missing list of packages to add to your project.
      at new MessageError (C:\Users\Nomsy\AppData\Roaming\npm\node_modules\yarn\lib\cli.js:186:110)
      at Object.<anonymous> (C:\Users\Nomsy\AppData\Roaming\npm\node_modules\yarn\lib\cli.js:40587:13)
      at Generator.next (<anonymous>)
      at step (C:\Users\Nomsy\AppData\Roaming\npm\node_modules\yarn\lib\cli.js:98:30)
      at C:\Users\Nomsy\AppData\Roaming\npm\node_modules\yarn\lib\cli.js:116:14
      at new Promise (<anonymous>)
      at new F (C:\Users\Nomsy\AppData\Roaming\npm\node_modules\yarn\lib\cli.js:23451:28)
      at Object.<anonymous> (C:\Users\Nomsy\AppData\Roaming\npm\node_modules\yarn\lib\cli.js:95:12)
      at Object.run (C:\Users\Nomsy\AppData\Roaming\npm\node_modules\yarn\lib\cli.js:40599:19)
      at run (C:\Users\Nomsy\AppData\Roaming\npm\node_modules\yarn\lib\cli.js:89113:20)
